<?xml version="1.0" encoding="UTF-8"?>
<testsuite name="hexlet.code.differTest" tests="1" skipped="0" failures="0" errors="0" timestamp="2023-05-07T10:06:32" hostname="DESKTOP-U97L7TB" time="0.929">
  <properties/>
  <testcase name="testPlain()" classname="hexlet.code.differTest" time="0.929"/>
  <system-out><![CDATA[]]></system-out>
  <system-err><![CDATA[]]></system-err>
</testsuite>
