<?xml version="1.0" encoding="UTF-8"?>
<testsuite name="hexlet.code.DifferTest" tests="1" skipped="0" failures="0" errors="0" timestamp="2023-04-11T02:16:51" hostname="DESKTOP-U97L7TB" time="0.742">
  <properties/>
  <testcase name="assertThat()" classname="hexlet.code.DifferTest" time="0.742"/>
  <system-out><![CDATA[host: hexlet.io
- proxy: 123.234.53.22
- follow: false
- timeout: 50
+ timeout: 20
+ verbose: true
]]></system-out>
  <system-err><![CDATA[]]></system-err>
</testsuite>
