<?xml version="1.0" encoding="UTF-8"?>
<testsuite name="hexlet.code.DifferTest" tests="2" skipped="0" failures="0" errors="0" timestamp="2023-06-20T17:59:02" hostname="DESKTOP-U97L7TB" time="1.237">
  <properties/>
  <testcase name="[1] json" classname="hexlet.code.DifferTest" time="1.067"/>
  <testcase name="[2] yaml" classname="hexlet.code.DifferTest" time="0.164"/>
  <system-out><![CDATA[File1 {
    chars1: [a, b, c]
  - chars2: [d, e, f]
  + chars2: false
  - checked: false
  + checked: true
  - default: null
  + default: [value1, value2]
  - id: 45
  + id: null
  - key1: value1
  + key2: value2
    numbers1: [1, 2, 3, 4]
  - numbers2: [2, 3, 4, 5]
  + numbers2: [22, 33, 44, 55]
  - numbers3: [3, 4, 5]
  + numbers4: [4, 5, 6]
  + obj1: {nestedKey=value, isNested=true}
  - setting1: Some value
  + setting1: Another value
  - setting2: 200
  + setting2: 300
  - setting3: true
  + setting3: none
}
File1 {
    chars1: [a, b, c]
  - chars2: [d, e, f]
  + chars2: false
  - checked: false
  + checked: true
  - default: null
  + default: [value1, value2]
  - id: 45
  + id: null
  - key1: value1
  + key2: value2
    numbers1: [1, 2, 3, 4]
  - numbers2: [2, 3, 4, 5]
  + numbers2: [22, 33, 44, 55]
  - numbers3: [3, 4, 5]
  + numbers4: [4, 5, 6]
  + obj1: {nestedKey=value, isNested=true}
  - setting1: Some value
  + setting1: Another value
  - setting2: 200
  + setting2: 300
  - setting3: true
  + setting3: none
}
]]></system-out>
  <system-err><![CDATA[]]></system-err>
</testsuite>
